<?xml version="1.0" encoding="UTF-8"?>
<!-- Generated by org.testng.reporters.JUnitReportReporter -->
<testsuite hostname="DESKTOP-I1NF19H" failures="0" tests="1" name="com.vtiger.Campaigntestcases.TC09" time="10.440" errors="0" timestamp="2024-02-06T12:09:43 IST" skipped="0">
  <testcase classname="com.vtiger.Campaigntestcases.TC09" name="editinactioncolumn" time="10.440"/>
  <system-out/>
</testsuite> <!-- com.vtiger.Campaigntestcases.TC09 -->
