<?xml version="1.0" encoding="UTF-8"?>
<!-- Generated by org.testng.reporters.JUnitReportReporter -->
<testsuite hostname="DESKTOP-I1NF19H" failures="0" tests="1" name="com.vtiger.Campaigntestcases.TC06" time="29.372" errors="0" timestamp="2024-02-06T11:43:46 IST" skipped="0">
  <testcase classname="com.vtiger.Campaigntestcases.TC06" name="searchcampaignbysearchfield" time="29.372"/>
  <system-out/>
</testsuite> <!-- com.vtiger.Campaigntestcases.TC06 -->
