<?xml version="1.0" encoding="UTF-8"?>
<!-- Generated by org.testng.reporters.JUnitReportReporter -->
<testsuite hostname="DESKTOP-I1NF19H" failures="0" tests="3" name="com.vtiger.Campaigntestcases.Campiagnmultidata" time="61.173" errors="0" timestamp="2024-02-08T15:42:39 IST" skipped="0">
  <testcase classname="com.vtiger.Campaigntestcases.Campiagnmultidata" name="multidatacampaigncreate" time="18.943"/>
  <system-out/>
  <testcase classname="com.vtiger.Campaigntestcases.Campiagnmultidata" name="multidatacampaigncreate" time="19.514"/>
  <system-out/>
  <testcase classname="com.vtiger.Campaigntestcases.Campiagnmultidata" name="multidatacampaigncreate" time="22.716"/>
  <system-out/>
</testsuite> <!-- com.vtiger.Campaigntestcases.Campiagnmultidata -->
