<?xml version="1.0" encoding="UTF-8"?>
<!-- Generated by org.testng.reporters.JUnitReportReporter -->
<testsuite hostname="DESKTOP-I1NF19H" failures="0" tests="1" name="com.vtiger.Campaigntestcases.TC05" time="75.809" errors="0" timestamp="2024-02-09T17:15:23 IST" skipped="0">
  <testcase classname="com.vtiger.Campaigntestcases.TC05" name="opencampaignpage" time="75.809"/>
  <system-out>
    <![CDATA[Test case startedopencampaignpage
Test case executed successfullyopencampaignpage]]>
  </system-out>
</testsuite> <!-- com.vtiger.Campaigntestcases.TC05 -->
