<?xml version="1.0" encoding="UTF-8"?>
<!-- Generated by org.testng.reporters.JUnitReportReporter -->
<testsuite hostname="DESKTOP-I1NF19H" failures="0" tests="1" name="wtiger.javautils" time="0.068" errors="0" timestamp="2024-02-08T08:30:39 IST" skipped="0">
  <testcase classname="wtiger.javautils" name="m1" time="0.068"/>
  <system-out/>
</testsuite> <!-- wtiger.javautils -->
