<?xml version="1.0" encoding="UTF-8"?>
<!-- Generated by org.testng.reporters.JUnitReportReporter -->
<testsuite hostname="DESKTOP-I1NF19H" failures="0" tests="1" name="com.vtiger.Campaigntestcases.TC07" time="9.747" errors="0" timestamp="2024-02-06T11:54:22 IST" skipped="0">
  <testcase classname="com.vtiger.Campaigntestcases.TC07" name="searchwithalphabets" time="9.747"/>
  <system-out/>
</testsuite> <!-- com.vtiger.Campaigntestcases.TC07 -->
