<?xml version="1.0" encoding="UTF-8"?>
<!-- Generated by org.testng.reporters.JUnitReportReporter -->
<testsuite hostname="DESKTOP-I1NF19H" failures="0" tests="1" name="com.vitger.orgtestcases.hey" time="5.016" errors="0" timestamp="2024-02-07T13:53:15 IST" skipped="0">
  <testcase classname="com.vitger.orgtestcases.hey" name="m1" time="5.016"/>
  <system-out/>
</testsuite> <!-- com.vitger.orgtestcases.hey -->
