<?xml version="1.0" encoding="UTF-8"?>
<!-- Generated by org.testng.reporters.JUnitReportReporter -->
<testsuite hostname="DESKTOP-I1NF19H" failures="0" tests="1" name="com.vtiger.Campaigntestcases.TC01" time="94.799" errors="0" timestamp="2024-02-09T17:15:23 IST" skipped="0">
  <testcase classname="com.vtiger.Campaigntestcases.TC01" name="createnewcampaign" time="94.799"/>
  <system-out>
    <![CDATA[Test case startedcreatenewcampaign
Test case executed successfullycreatenewcampaign]]>
  </system-out>
</testsuite> <!-- com.vtiger.Campaigntestcases.TC01 -->
