<?xml version="1.0" encoding="UTF-8"?>
<!-- Generated by org.testng.reporters.JUnitReportReporter -->
<testsuite hostname="DESKTOP-I1NF19H" failures="0" tests="1" name="com.vtiger.Campaigntestcases.TC10" time="8.729" errors="0" timestamp="2024-02-06T12:15:52 IST" skipped="0">
  <testcase classname="com.vtiger.Campaigntestcases.TC10" name="listoflastviewedcampaigns" time="8.729"/>
  <system-out/>
</testsuite> <!-- com.vtiger.Campaigntestcases.TC10 -->
